<?xml version="1.0" ?>
<container xmlns="http://symfony.com/schema/dic/services"
           xmlns:xsi="http://www.w3.org/2001/XMLSchema-instance"
           xsi:schemaLocation="http://symfony.com/schema/dic/services http://symfony.com/schema/dic/services/services-1.0.xsd">

    <services>
        <service id="swag_session_handler.session_handler"
                 class="SessionHandlerInterface"
                 decorates="session.save_handler"
                 public="false">
            <factory class="ShopwarePlugins\Connect\Tests\SessionHandlerFactory" method="createSaveHandler"/>
            <argument type="service" id="service_container"/>
        </service>

        <service id="theme_compiler" class="ShopwarePlugins\Connect\Tests\BlackHoleThemeCompiler">
            <argument>%kernel.root_dir%</argument>
            <argument type="service" id="less_compiler" />
            <argument type="service" id="theme_path_resolver" />
            <argument type="service" id="theme_inheritance" />
            <argument type="service" id="theme_service" />
            <argument type="service" id="js_compressor" />
            <argument type="service" id="events" />
            <argument type="service" id="theme_timestamp_persistor" />

        </service>
    </services>
</container>